<?xml version="1.0" encoding="UTF-8"?>
<!-- Generated by org.testng.reporters.JUnitXMLReporter -->
<testsuite ignored="0" hostname="DESKTOP-P9KBR0D" failures="0" tests="3" name="Default test" time="0.077" errors="0" timestamp="2022-06-22T07:11:59 IST">
  <testcase classname="testcases.suitea.LoginTest" name="getData" time="0.008"/>
  <testcase classname="testcases.suitea.LoginTest" name="loginTest" time="0.002"/>
  <testcase classname="testcases.suitea.LoginTest" name="logout" time="0.001"/>
</testsuite> <!-- Default test -->
