<?xml version="1.0" encoding="UTF-8"?>
<!-- Generated by org.testng.reporters.JUnitXMLReporter -->
<testsuite ignored="0" hostname="DESKTOP-P9KBR0D" failures="0" tests="3" name="Test" time="0.058" errors="0" timestamp="2022-03-26T08:41:22 IST">
  <testcase classname="testcases.suiteb.SearchAndPurchasePhoneTest" name="search" time="0.009"/>
  <testcase classname="testcases.suiteb.SearchAndPurchasePhoneTest" name="selectPhone" time="0.002"/>
  <testcase classname="testcases.suiteb.SearchAndPurchasePhoneTest" name="checkout" time="0.002"/>
</testsuite> <!-- Test -->
