<?xml version="1.0" encoding="UTF-8"?>
<!-- Generated by org.testng.reporters.JUnitXMLReporter -->
<testsuite ignored="0" hostname="DESKTOP-P9KBR0D" failures="0" tests="3" name="Purchase Phone Test" time="0.016" errors="0" timestamp="2022-08-14T19:07:16 IST">
  <testcase classname="testcases.suiteb.SearchAndPurchasePhoneTest" name="search" time="0.001"/>
  <testcase classname="testcases.suiteb.SearchAndPurchasePhoneTest" name="selectPhone" time="0.001"/>
  <testcase classname="testcases.suiteb.SearchAndPurchasePhoneTest" name="checkout" time="0.001"/>
</testsuite> <!-- Purchase Phone Test -->
