<?xml version="1.0" encoding="UTF-8"?>
<!-- Generated by org.testng.reporters.JUnitXMLReporter -->
<testsuite ignored="0" hostname="DESKTOP-P9KBR0D" failures="0" tests="3" name="Login Test" time="0.084" errors="0" timestamp="2022-08-14T19:07:16 IST">
  <testcase classname="testcases.suitea.LoginTest" name="getData" time="0.006"/>
  <testcase classname="testcases.suitea.LoginTest" name="loginTest" time="0.002"/>
  <testcase classname="testcases.suitea.LoginTest" name="logout" time="0.001"/>
</testsuite> <!-- Login Test -->
